[debug] [2022-04-20T20:30:33.270Z] ----------------------------------------------------------------------
[debug] [2022-04-20T20:30:33.272Z] Command:       /usr/local/bin/firebase /home/a/.cache/firebase/tools/lib/node_modules/firebase-tools/lib/bin/firebase deploy
[debug] [2022-04-20T20:30:33.272Z] CLI Version:   10.2.2
[debug] [2022-04-20T20:30:33.272Z] Platform:      linux
[debug] [2022-04-20T20:30:33.272Z] Node Version:  v12.18.1
[debug] [2022-04-20T20:30:33.273Z] Time:          Wed Apr 20 2022 16:30:33 GMT-0400 (Eastern Daylight Time)
[debug] [2022-04-20T20:30:33.273Z] ----------------------------------------------------------------------
[debug] 
[debug] [2022-04-20T20:30:33.330Z] > command requires scopes: ["email","openid","https://www.googleapis.com/auth/cloudplatformprojects.readonly","https://www.googleapis.com/auth/firebase","https://www.googleapis.com/auth/cloud-platform"]
[debug] [2022-04-20T20:30:33.331Z] > authorizing via signed-in user (andrewthomaslogan@gmail.com)
[debug] [2022-04-20T20:30:33.331Z] [iam] checking project geotools-bc75a for permissions ["cloudfunctions.functions.create","cloudfunctions.functions.delete","cloudfunctions.functions.get","cloudfunctions.functions.list","cloudfunctions.functions.update","cloudfunctions.operations.get","datastore.indexes.create","datastore.indexes.delete","datastore.indexes.list","datastore.indexes.update","firebase.projects.get","firebasedatabase.instances.update","firebasehosting.sites.update"]
[debug] [2022-04-20T20:30:33.332Z] >>> [apiv2][query] POST https://cloudresourcemanager.googleapis.com/v1/projects/geotools-bc75a:testIamPermissions [none]
[debug] [2022-04-20T20:30:33.333Z] >>> [apiv2][body] POST https://cloudresourcemanager.googleapis.com/v1/projects/geotools-bc75a:testIamPermissions {"permissions":["cloudfunctions.functions.create","cloudfunctions.functions.delete","cloudfunctions.functions.get","cloudfunctions.functions.list","cloudfunctions.functions.update","cloudfunctions.operations.get","datastore.indexes.create","datastore.indexes.delete","datastore.indexes.list","datastore.indexes.update","firebase.projects.get","firebasedatabase.instances.update","firebasehosting.sites.update"]}
[debug] [2022-04-20T20:30:33.466Z] <<< [apiv2][status] POST https://cloudresourcemanager.googleapis.com/v1/projects/geotools-bc75a:testIamPermissions 200
[debug] [2022-04-20T20:30:33.466Z] <<< [apiv2][body] POST https://cloudresourcemanager.googleapis.com/v1/projects/geotools-bc75a:testIamPermissions {"permissions":["cloudfunctions.functions.create","cloudfunctions.functions.delete","cloudfunctions.functions.get","cloudfunctions.functions.list","cloudfunctions.functions.update","cloudfunctions.operations.get","datastore.indexes.create","datastore.indexes.delete","datastore.indexes.list","datastore.indexes.update","firebase.projects.get","firebasedatabase.instances.update","firebasehosting.sites.update"]}
[debug] [2022-04-20T20:30:33.466Z] >>> [apiv2][query] POST https://iam.googleapis.com/v1/projects/geotools-bc75a/serviceAccounts/geotools-bc75a@appspot.gserviceaccount.com:testIamPermissions [none]
[debug] [2022-04-20T20:30:33.466Z] >>> [apiv2][body] POST https://iam.googleapis.com/v1/projects/geotools-bc75a/serviceAccounts/geotools-bc75a@appspot.gserviceaccount.com:testIamPermissions {"permissions":["iam.serviceAccounts.actAs"]}
[debug] [2022-04-20T20:30:33.616Z] <<< [apiv2][status] POST https://iam.googleapis.com/v1/projects/geotools-bc75a/serviceAccounts/geotools-bc75a@appspot.gserviceaccount.com:testIamPermissions 200
[debug] [2022-04-20T20:30:33.616Z] <<< [apiv2][body] POST https://iam.googleapis.com/v1/projects/geotools-bc75a/serviceAccounts/geotools-bc75a@appspot.gserviceaccount.com:testIamPermissions {"permissions":["iam.serviceAccounts.actAs"]}
[debug] [2022-04-20T20:30:33.617Z] >>> [apiv2][query] GET https://firebase.googleapis.com/v1beta1/projects/geotools-bc75a [none]
[debug] [2022-04-20T20:30:33.845Z] <<< [apiv2][status] GET https://firebase.googleapis.com/v1beta1/projects/geotools-bc75a 200
[debug] [2022-04-20T20:30:33.846Z] <<< [apiv2][body] GET https://firebase.googleapis.com/v1beta1/projects/geotools-bc75a {"projectId":"geotools-bc75a","projectNumber":"106157954659","displayName":"GeoTools","name":"projects/geotools-bc75a","resources":{"hostingSite":"geotools-bc75a","realtimeDatabaseInstance":"geotools-bc75a-default-rtdb","storageBucket":"geotools-bc75a.appspot.com","locationId":"us-central"},"state":"ACTIVE"}
[debug] [2022-04-20T20:30:33.846Z] >>> [apiv2][query] GET https://firebase.googleapis.com/v1beta1/projects/geotools-bc75a [none]
[debug] [2022-04-20T20:30:34.011Z] <<< [apiv2][status] GET https://firebase.googleapis.com/v1beta1/projects/geotools-bc75a 200
[debug] [2022-04-20T20:30:34.011Z] <<< [apiv2][body] GET https://firebase.googleapis.com/v1beta1/projects/geotools-bc75a {"projectId":"geotools-bc75a","projectNumber":"106157954659","displayName":"GeoTools","name":"projects/geotools-bc75a","resources":{"hostingSite":"geotools-bc75a","realtimeDatabaseInstance":"geotools-bc75a-default-rtdb","storageBucket":"geotools-bc75a.appspot.com","locationId":"us-central"},"state":"ACTIVE"}
[info] 
[info] === Deploying to 'geotools-bc75a'...
[info] 
[info] i  deploying database, firestore, functions, hosting 
[info] Running command: npm --prefix "$RESOURCE_DIR" run lint
