[debug] [2022-07-09T02:37:54.853Z] ----------------------------------------------------------------------
[debug] [2022-07-09T02:37:54.855Z] Command:       /home/a/.nvm/versions/node/v14.19.3/bin/node /home/a/.nvm/versions/node/v14.19.3/bin/firebase emulators:start --only functions
[debug] [2022-07-09T02:37:54.855Z] CLI Version:   11.1.0
[debug] [2022-07-09T02:37:54.855Z] Platform:      linux
[debug] [2022-07-09T02:37:54.855Z] Node Version:  v14.19.3
[debug] [2022-07-09T02:37:54.856Z] Time:          Fri Jul 08 2022 22:37:54 GMT-0400 (Eastern Daylight Time)
[debug] [2022-07-09T02:37:54.856Z] ----------------------------------------------------------------------
[debug] 
[debug] [2022-07-09T02:37:54.907Z] > command requires scopes: ["email","openid","https://www.googleapis.com/auth/cloudplatformprojects.readonly","https://www.googleapis.com/auth/firebase","https://www.googleapis.com/auth/cloud-platform"]
[debug] [2022-07-09T02:37:54.907Z] > authorizing via signed-in user (andrewthomaslogan@gmail.com)
[info] i  emulators: Starting emulators: functions {"metadata":{"emulator":{"name":"hub"},"message":"Starting emulators: functions"}}
[debug] [2022-07-09T02:37:54.920Z] [hub] writing locator at /tmp/hub-geotools-bc75a.json
[warn] ⚠  functions: The following emulators are not running, calls to these services from the Functions emulator will affect production: auth, firestore, database, hosting, pubsub, storage {"metadata":{"emulator":{"name":"functions"},"message":"The following emulators are not running, calls to these services from the Functions emulator will affect production: \u001b[1mauth, firestore, database, hosting, pubsub, storage\u001b[22m"}}
[warn] ⚠  Your requested "node" version "16" doesn't match your global version "14". Using node@14 from host. {"metadata":{"emulator":{"name":"functions"},"message":"Your requested \"node\" version \"16\" doesn't match your global version \"14\". Using node@14 from host."}}
[debug] [2022-07-09T02:37:54.939Z] defaultcredentials: writing to file /home/a/.config/firebase/andrewthomaslogan_gmail_com_application_default_credentials.json
[debug] [2022-07-09T02:37:54.955Z] Setting GAC to /home/a/.config/firebase/andrewthomaslogan_gmail_com_application_default_credentials.json {"metadata":{"emulator":{"name":"functions"},"message":"Setting GAC to /home/a/.config/firebase/andrewthomaslogan_gmail_com_application_default_credentials.json"}}
[debug] [2022-07-09T02:37:54.969Z] >>> [apiv2][query] GET https://firebase.googleapis.com/v1beta1/projects/geotools-bc75a/adminSdkConfig [none]
[debug] [2022-07-09T02:37:55.364Z] <<< [apiv2][status] GET https://firebase.googleapis.com/v1beta1/projects/geotools-bc75a/adminSdkConfig 200
[debug] [2022-07-09T02:37:55.364Z] <<< [apiv2][body] GET https://firebase.googleapis.com/v1beta1/projects/geotools-bc75a/adminSdkConfig {"projectId":"geotools-bc75a","databaseURL":"https://geotools-bc75a-default-rtdb.firebaseio.com","storageBucket":"geotools-bc75a.appspot.com","locationId":"us-central"}
[debug] [2022-07-09T02:37:55.383Z] Ignoring unsupported arg: auto_download {"metadata":{"emulator":{"name":"ui"},"message":"Ignoring unsupported arg: auto_download"}}
[debug] [2022-07-09T02:37:55.384Z] Ignoring unsupported arg: port {"metadata":{"emulator":{"name":"ui"},"message":"Ignoring unsupported arg: port"}}
[debug] [2022-07-09T02:37:55.384Z] Starting Emulator UI with command {"binary":"node","args":["--dns-result-order=ipv4first","/home/a/.cache/firebase/emulators/ui-v1.7.0/server.bundle.js"],"optionalArgs":[],"joinArgs":false} {"metadata":{"emulator":{"name":"ui"},"message":"Starting Emulator UI with command {\"binary\":\"node\",\"args\":[\"--dns-result-order=ipv4first\",\"/home/a/.cache/firebase/emulators/ui-v1.7.0/server.bundle.js\"],\"optionalArgs\":[],\"joinArgs\":false}"}}
[info] i  ui: Emulator UI logging to ui-debug.log {"metadata":{"emulator":{"name":"ui"},"message":"Emulator UI logging to \u001b[1mui-debug.log\u001b[22m"}}
[debug] [2022-07-09T02:37:55.478Z] Web / API server started at localhost:5002
 {"metadata":{"emulator":{"name":"ui"},"message":"Web / API server started at localhost:5002\n"}}
[info] i  functions: Watching "/home/a/Desktop/geo-front-end/functions" for Cloud Functions... {"metadata":{"emulator":{"name":"functions"},"message":"Watching \"/home/a/Desktop/geo-front-end/functions\" for Cloud Functions..."}}
[debug] [2022-07-09T02:37:55.652Z] Validating nodejs source
[warn] ⚠  functions: package.json indicates an outdated version of firebase-functions. Please upgrade using npm install --save firebase-functions@latest in your functions directory. 
[debug] [2022-07-09T02:37:57.669Z] > [functions] package.json contents: {
  "name": "functions",
  "description": "Cloud Functions for Firebase",
  "scripts": {
    "lint": "eslint .",
    "serve": "firebase emulators:start --only functions",
    "shell": "firebase functions:shell",
    "start": "npm run shell",
    "deploy": "firebase deploy --only functions",
    "logs": "firebase functions:log"
  },
  "engines": {
    "node": "16"
  },
  "main": "index.js",
  "dependencies": {
    "@google-cloud/secret-manager": "^3.12.0",
    "bad-words": "^3.0.4",
    "capitalize-sentence": "^0.1.5",
    "cors": "^2.8.5",
    "dotenv": "^16.0.0",
    "firebase-admin": "^10.0.2",
    "firebase-functions": "^3.20.1",
    "node-fetch": "^2.0.0",
    "uuid": "^8.3.2"
  },
  "devDependencies": {
    "eslint": "^8.9.0",
    "eslint-config-google": "^0.14.0",
    "firebase-functions-test": "^0.2.0"
  },
  "private": true
}
[debug] [2022-07-09T02:37:57.669Z] Building nodejs source
[debug] [2022-07-09T02:37:57.669Z] Analyzing nodejs backend spec
[debug] [2022-07-09T02:37:57.671Z] Could not find functions.yaml. Must use http discovery
[debug] [2022-07-09T02:37:57.823Z] Serving at port 9005

[debug] [2022-07-09T02:37:57.886Z] Got response from /__/functions.yaml {"endpoints":{"getMatrix":{"platform":"gcfv1","labels":{},"callableTrigger":{},"entryPoint":"getMatrix"},"getElevation":{"platform":"gcfv1","labels":{},"callableTrigger":{},"entryPoint":"getElevation"},"getAddress":{"platform":"gcfv1","labels":{},"callableTrigger":{},"entryPoint":"getAddress"},"getLatLon":{"platform":"gcfv1","labels":{},"callableTrigger":{},"entryPoint":"getLatLon"},"addNumbers":{"platform":"gcfv1","labels":{},"callableTrigger":{},"entryPoint":"addNumbers"},"addComment":{"platform":"gcfv1","labels":{},"callableTrigger":{},"entryPoint":"addComment"}},"specVersion":"v1alpha1","requiredAPIs":[]}
[debug] [2022-07-09T02:37:57.896Z] shutdown requested via /__/quitquitquit

[info] ✔  functions[us-central1-getMatrix]: http function initialized (http://localhost:5001/geotools-bc75a/us-central1/getMatrix). {"metadata":{"emulator":{"name":"functions"},"message":"\u001b[1mhttp\u001b[22m function initialized (http://localhost:5001/geotools-bc75a/us-central1/getMatrix)."}}
[info] ✔  functions[us-central1-getElevation]: http function initialized (http://localhost:5001/geotools-bc75a/us-central1/getElevation). {"metadata":{"emulator":{"name":"functions"},"message":"\u001b[1mhttp\u001b[22m function initialized (http://localhost:5001/geotools-bc75a/us-central1/getElevation)."}}
[info] ✔  functions[us-central1-getAddress]: http function initialized (http://localhost:5001/geotools-bc75a/us-central1/getAddress). {"metadata":{"emulator":{"name":"functions"},"message":"\u001b[1mhttp\u001b[22m function initialized (http://localhost:5001/geotools-bc75a/us-central1/getAddress)."}}
[info] ✔  functions[us-central1-getLatLon]: http function initialized (http://localhost:5001/geotools-bc75a/us-central1/getLatLon). {"metadata":{"emulator":{"name":"functions"},"message":"\u001b[1mhttp\u001b[22m function initialized (http://localhost:5001/geotools-bc75a/us-central1/getLatLon)."}}
[info] ✔  functions[us-central1-addNumbers]: http function initialized (http://localhost:5001/geotools-bc75a/us-central1/addNumbers). {"metadata":{"emulator":{"name":"functions"},"message":"\u001b[1mhttp\u001b[22m function initialized (http://localhost:5001/geotools-bc75a/us-central1/addNumbers)."}}
[info] ✔  functions[us-central1-addComment]: http function initialized (http://localhost:5001/geotools-bc75a/us-central1/addComment). {"metadata":{"emulator":{"name":"functions"},"message":"\u001b[1mhttp\u001b[22m function initialized (http://localhost:5001/geotools-bc75a/us-central1/addComment)."}}
[info] 
┌─────────────────────────────────────────────────────────────┐
│ ✔  All emulators ready! It is now safe to connect your app. │
│ i  View Emulator UI at http://localhost:5002                │
└─────────────────────────────────────────────────────────────┘

┌───────────┬────────────────┬─────────────────────────────────┐
│ Emulator  │ Host:Port      │ View in Emulator UI             │
├───────────┼────────────────┼─────────────────────────────────┤
│ Functions │ localhost:5001 │ http://localhost:5002/functions │
└───────────┴────────────────┴─────────────────────────────────┘
  Emulator Hub running at localhost:4400
  Other reserved ports: 4500

Issues? Report them at https://github.com/firebase/firebase-tools/issues and attach the *-debug.log files.
 
[debug] [2022-07-09T02:38:19.765Z] [work-queue] {"queueLength":1,"workRunningCount":0}
[debug] [2022-07-09T02:38:19.766Z] [work-queue] {"queueLength":0,"workRunningCount":1}
[debug] [2022-07-09T02:38:19.767Z] Accepted request OPTIONS /geotools-bc75a/us-central1/getLatLon --> us-central1-getLatLon
[info] i  functions: Loaded environment variables from .env. 
[debug] [2022-07-09T02:38:19.793Z] [worker-pool] addWorker(us-central1-getLatLon) {"metadata":{"emulator":{"name":"functions"},"message":"[worker-pool] addWorker(us-central1-getLatLon)"}}
[debug] [2022-07-09T02:38:19.793Z] [worker-pool] Adding worker with key us-central1-getLatLon, total=1 {"metadata":{"emulator":{"name":"functions"},"message":"[worker-pool] Adding worker with key us-central1-getLatLon, total=1"}}
[debug] [2022-07-09T02:38:19.794Z] [worker-pool] submitWork(triggerId=us-central1-getLatLon) {"metadata":{"emulator":{"name":"functions"},"message":"[worker-pool] submitWork(triggerId=us-central1-getLatLon)"}}
[debug] [2022-07-09T02:38:19.794Z] [worker-us-central1-getLatLon-dc39fd9f-107c-4af8-aa77-0526c0056afd]: Assigning socketPath: /tmp/fire_emu_67290.sock {"metadata":{"emulator":{"name":"functions"},"message":"[worker-us-central1-getLatLon-dc39fd9f-107c-4af8-aa77-0526c0056afd]: Assigning socketPath: /tmp/fire_emu_67290.sock"}}
[debug] [2022-07-09T02:38:19.795Z] [worker-us-central1-getLatLon-dc39fd9f-107c-4af8-aa77-0526c0056afd]: BUSY {"metadata":{"emulator":{"name":"functions"},"message":"[worker-us-central1-getLatLon-dc39fd9f-107c-4af8-aa77-0526c0056afd]: BUSY"}}
[debug] [2022-07-09T02:38:20.645Z] [runtime-status] [67290] Functions runtime initialized. {"cwd":"/home/a/Desktop/geo-front-end/functions","node_version":"14.19.3"} {"metadata":{"emulator":{"name":"functions"},"function":{"name":"us-central1-getLatLon"},"extension":{},"message":"[runtime-status] [67290] Functions runtime initialized. {\"cwd\":\"/home/a/Desktop/geo-front-end/functions\",\"node_version\":\"14.19.3\"}"}}
[debug] [2022-07-09T02:38:20.651Z] [runtime-status] [67290] Disabled runtime features: undefined {"metadata":{"emulator":{"name":"functions"},"function":{"name":"us-central1-getLatLon"},"extension":{},"message":"[runtime-status] [67290] Disabled runtime features: undefined"}}
[debug] [2022-07-09T02:38:20.655Z] [runtime-status] [67290] Resolved module firebase-admin {"declared":true,"installed":true,"version":"10.3.0","resolution":"/home/a/Desktop/geo-front-end/functions/node_modules/firebase-admin/lib/index.js"} {"metadata":{"emulator":{"name":"functions"},"function":{"name":"us-central1-getLatLon"},"extension":{},"message":"[runtime-status] [67290] Resolved module firebase-admin {\"declared\":true,\"installed\":true,\"version\":\"10.3.0\",\"resolution\":\"/home/a/Desktop/geo-front-end/functions/node_modules/firebase-admin/lib/index.js\"}"}}
[debug] [2022-07-09T02:38:20.657Z] [runtime-status] [67290] Resolved module firebase-functions {"declared":true,"installed":true,"version":"3.22.0","resolution":"/home/a/Desktop/geo-front-end/functions/node_modules/firebase-functions/lib/index.js"} {"metadata":{"emulator":{"name":"functions"},"function":{"name":"us-central1-getLatLon"},"extension":{},"message":"[runtime-status] [67290] Resolved module firebase-functions {\"declared\":true,\"installed\":true,\"version\":\"3.22.0\",\"resolution\":\"/home/a/Desktop/geo-front-end/functions/node_modules/firebase-functions/lib/index.js\"}"}}
[debug] [2022-07-09T02:38:20.657Z] [runtime-status] [67290] Outgoing network have been stubbed. [{"name":"http","status":"mocked"},{"name":"http","status":"mocked"},{"name":"https","status":"mocked"},{"name":"https","status":"mocked"},{"name":"net","status":"mocked"}] {"metadata":{"emulator":{"name":"functions"},"function":{"name":"us-central1-getLatLon"},"extension":{},"message":"[runtime-status] [67290] Outgoing network have been stubbed. [{\"name\":\"http\",\"status\":\"mocked\"},{\"name\":\"http\",\"status\":\"mocked\"},{\"name\":\"https\",\"status\":\"mocked\"},{\"name\":\"https\",\"status\":\"mocked\"},{\"name\":\"net\",\"status\":\"mocked\"}]"}}
[debug] [2022-07-09T02:38:20.658Z] [runtime-status] [67290] Resolved module firebase-functions {"declared":true,"installed":true,"version":"3.22.0","resolution":"/home/a/Desktop/geo-front-end/functions/node_modules/firebase-functions/lib/index.js"} {"metadata":{"emulator":{"name":"functions"},"function":{"name":"us-central1-getLatLon"},"extension":{},"message":"[runtime-status] [67290] Resolved module firebase-functions {\"declared\":true,\"installed\":true,\"version\":\"3.22.0\",\"resolution\":\"/home/a/Desktop/geo-front-end/functions/node_modules/firebase-functions/lib/index.js\"}"}}
[debug] [2022-07-09T02:38:20.690Z] [runtime-status] [67290] Checked functions.config() {"config":{}} {"metadata":{"emulator":{"name":"functions"},"function":{"name":"us-central1-getLatLon"},"extension":{},"message":"[runtime-status] [67290] Checked functions.config() {\"config\":{}}"}}
[debug] [2022-07-09T02:38:20.690Z] [runtime-status] [67290] firebase-functions has been stubbed. {"functionsResolution":{"declared":true,"installed":true,"version":"3.22.0","resolution":"/home/a/Desktop/geo-front-end/functions/node_modules/firebase-functions/lib/index.js"}} {"metadata":{"emulator":{"name":"functions"},"function":{"name":"us-central1-getLatLon"},"extension":{},"message":"[runtime-status] [67290] firebase-functions has been stubbed. {\"functionsResolution\":{\"declared\":true,\"installed\":true,\"version\":\"3.22.0\",\"resolution\":\"/home/a/Desktop/geo-front-end/functions/node_modules/firebase-functions/lib/index.js\"}}"}}
[debug] [2022-07-09T02:38:20.691Z] [runtime-status] [67290] Resolved module firebase-functions {"declared":true,"installed":true,"version":"3.22.0","resolution":"/home/a/Desktop/geo-front-end/functions/node_modules/firebase-functions/lib/index.js"} {"metadata":{"emulator":{"name":"functions"},"function":{"name":"us-central1-getLatLon"},"extension":{},"message":"[runtime-status] [67290] Resolved module firebase-functions {\"declared\":true,\"installed\":true,\"version\":\"3.22.0\",\"resolution\":\"/home/a/Desktop/geo-front-end/functions/node_modules/firebase-functions/lib/index.js\"}"}}
[debug] [2022-07-09T02:38:20.692Z] [runtime-status] [67290] Resolved module firebase-admin {"declared":true,"installed":true,"version":"10.3.0","resolution":"/home/a/Desktop/geo-front-end/functions/node_modules/firebase-admin/lib/index.js"} {"metadata":{"emulator":{"name":"functions"},"function":{"name":"us-central1-getLatLon"},"extension":{},"message":"[runtime-status] [67290] Resolved module firebase-admin {\"declared\":true,\"installed\":true,\"version\":\"10.3.0\",\"resolution\":\"/home/a/Desktop/geo-front-end/functions/node_modules/firebase-admin/lib/index.js\"}"}}
[debug] [2022-07-09T02:38:20.692Z] [runtime-status] [67290] Resolved module firebase-functions {"declared":true,"installed":true,"version":"3.22.0","resolution":"/home/a/Desktop/geo-front-end/functions/node_modules/firebase-functions/lib/index.js"} {"metadata":{"emulator":{"name":"functions"},"function":{"name":"us-central1-getLatLon"},"extension":{},"message":"[runtime-status] [67290] Resolved module firebase-functions {\"declared\":true,\"installed\":true,\"version\":\"3.22.0\",\"resolution\":\"/home/a/Desktop/geo-front-end/functions/node_modules/firebase-functions/lib/index.js\"}"}}
[debug] [2022-07-09T02:38:20.693Z] [runtime-status] [67290] firebase-admin has been stubbed. {"adminResolution":{"declared":true,"installed":true,"version":"10.3.0","resolution":"/home/a/Desktop/geo-front-end/functions/node_modules/firebase-admin/lib/index.js"}} {"metadata":{"emulator":{"name":"functions"},"function":{"name":"us-central1-getLatLon"},"extension":{},"message":"[runtime-status] [67290] firebase-admin has been stubbed. {\"adminResolution\":{\"declared\":true,\"installed\":true,\"version\":\"10.3.0\",\"resolution\":\"/home/a/Desktop/geo-front-end/functions/node_modules/firebase-admin/lib/index.js\"}}"}}
[debug] [2022-07-09T02:38:20.703Z] [runtime-status] [67290] initializeApp(DEFAULT) {"storageBucket":"geotools-bc75a.appspot.com","databaseURL":"https://geotools-bc75a-default-rtdb.firebaseio.com","projectId":"geotools-bc75a"} {"metadata":{"emulator":{"name":"functions"},"function":{"name":"us-central1-getLatLon"},"extension":{},"message":"[runtime-status] [67290] initializeApp(DEFAULT) {\"storageBucket\":\"geotools-bc75a.appspot.com\",\"databaseURL\":\"https://geotools-bc75a-default-rtdb.firebaseio.com\",\"projectId\":\"geotools-bc75a\"}"}}
[debug] [2022-07-09T02:38:20.713Z] [runtime-status] [67290] Beginning invocation function getLatLon! {"metadata":{"emulator":{"name":"functions"},"function":{"name":"us-central1-getLatLon"},"extension":{},"message":"[runtime-status] [67290] Beginning invocation function getLatLon!"}}
[info] i  functions: Beginning execution of "getLatLon" {"metadata":{"emulator":{"name":"functions"},"function":{"name":"us-central1-getLatLon"},"extension":{},"message":"Beginning execution of \"getLatLon\""}}
[debug] [2022-07-09T02:38:20.714Z] [runtime-status] [67290] Running getLatLon in signature http {"metadata":{"emulator":{"name":"functions"},"function":{"name":"us-central1-getLatLon"},"extension":{},"message":"[runtime-status] [67290] Running getLatLon in signature http"}}
[debug] [2022-07-09T02:38:20.720Z] [runtime-status] [67290] Attempting to listen to socketPath: /tmp/fire_emu_67290.sock {"metadata":{"emulator":{"name":"functions"},"function":{"name":"us-central1-getLatLon"},"extension":{},"message":"[runtime-status] [67290] Attempting to listen to socketPath: /tmp/fire_emu_67290.sock"}}
[debug] [2022-07-09T02:38:20.723Z] [functions] Runtime ready! Sending request! {"metadata":{"emulator":{"name":"functions"},"message":"[functions] Runtime ready! Sending request!"}}
[debug] [2022-07-09T02:38:20.724Z] [functions] Got req.url=/geotools-bc75a/us-central1/getLatLon, mapping to path=/ {"metadata":{"emulator":{"name":"functions"},"message":"[functions] Got req.url=/geotools-bc75a/us-central1/getLatLon, mapping to path=/"}}
[debug] [2022-07-09T02:38:20.728Z] [runtime-status] [67290] Ephemeral server handling OPTIONS request {"metadata":{"emulator":{"name":"functions"},"function":{"name":"us-central1-getLatLon"},"extension":{},"message":"[runtime-status] [67290] Ephemeral server handling OPTIONS request"}}
[debug] [2022-07-09T02:38:20.733Z] [runtime-status] [67290] Ephemeral server survived. {"metadata":{"emulator":{"name":"functions"},"function":{"name":"us-central1-getLatLon"},"extension":{},"message":"[runtime-status] [67290] Ephemeral server survived."}}
[debug] [2022-07-09T02:38:20.737Z] [work-queue] {"queueLength":1,"workRunningCount":1}
[debug] [2022-07-09T02:38:20.737Z] [work-queue] {"queueLength":0,"workRunningCount":2}
[debug] [2022-07-09T02:38:20.737Z] Accepted request POST /geotools-bc75a/us-central1/getLatLon --> us-central1-getLatLon
[info] i  functions: Loaded environment variables from .env. 
[debug] [2022-07-09T02:38:20.747Z] [worker-pool] addWorker(us-central1-getLatLon) {"metadata":{"emulator":{"name":"functions"},"message":"[worker-pool] addWorker(us-central1-getLatLon)"}}
[debug] [2022-07-09T02:38:20.747Z] [worker-pool] Adding worker with key us-central1-getLatLon, total=2 {"metadata":{"emulator":{"name":"functions"},"message":"[worker-pool] Adding worker with key us-central1-getLatLon, total=2"}}
[debug] [2022-07-09T02:38:20.747Z] [worker-pool] submitWork(triggerId=us-central1-getLatLon) {"metadata":{"emulator":{"name":"functions"},"message":"[worker-pool] submitWork(triggerId=us-central1-getLatLon)"}}
[debug] [2022-07-09T02:38:20.748Z] [worker-us-central1-getLatLon-a2da90be-d9f1-4a4b-bb4d-8fff860e5639]: Assigning socketPath: /tmp/fire_emu_67298.sock {"metadata":{"emulator":{"name":"functions"},"message":"[worker-us-central1-getLatLon-a2da90be-d9f1-4a4b-bb4d-8fff860e5639]: Assigning socketPath: /tmp/fire_emu_67298.sock"}}
[debug] [2022-07-09T02:38:20.748Z] [worker-us-central1-getLatLon-a2da90be-d9f1-4a4b-bb4d-8fff860e5639]: BUSY {"metadata":{"emulator":{"name":"functions"},"message":"[worker-us-central1-getLatLon-a2da90be-d9f1-4a4b-bb4d-8fff860e5639]: BUSY"}}
[info] i  functions: Finished "getLatLon" in ~1s {"metadata":{"emulator":{"name":"functions"},"function":{"name":"us-central1-getLatLon"},"extension":{},"message":"Finished \"getLatLon\" in ~1s"}}
[debug] [2022-07-09T02:38:20.750Z] [worker-us-central1-getLatLon-dc39fd9f-107c-4af8-aa77-0526c0056afd]: IDLE {"metadata":{"emulator":{"name":"functions"},"message":"[worker-us-central1-getLatLon-dc39fd9f-107c-4af8-aa77-0526c0056afd]: IDLE"}}
[debug] [2022-07-09T02:38:20.750Z] [work-queue] {"queueLength":0,"workRunningCount":1}
[debug] [2022-07-09T02:38:21.600Z] [runtime-status] [67298] Functions runtime initialized. {"cwd":"/home/a/Desktop/geo-front-end/functions","node_version":"14.19.3"} {"metadata":{"emulator":{"name":"functions"},"function":{"name":"us-central1-getLatLon"},"extension":{},"message":"[runtime-status] [67298] Functions runtime initialized. {\"cwd\":\"/home/a/Desktop/geo-front-end/functions\",\"node_version\":\"14.19.3\"}"}}
[debug] [2022-07-09T02:38:21.610Z] [runtime-status] [67298] Disabled runtime features: undefined {"metadata":{"emulator":{"name":"functions"},"function":{"name":"us-central1-getLatLon"},"extension":{},"message":"[runtime-status] [67298] Disabled runtime features: undefined"}}
[debug] [2022-07-09T02:38:21.612Z] [runtime-status] [67298] Resolved module firebase-admin {"declared":true,"installed":true,"version":"10.3.0","resolution":"/home/a/Desktop/geo-front-end/functions/node_modules/firebase-admin/lib/index.js"} {"metadata":{"emulator":{"name":"functions"},"function":{"name":"us-central1-getLatLon"},"extension":{},"message":"[runtime-status] [67298] Resolved module firebase-admin {\"declared\":true,\"installed\":true,\"version\":\"10.3.0\",\"resolution\":\"/home/a/Desktop/geo-front-end/functions/node_modules/firebase-admin/lib/index.js\"}"}}
[debug] [2022-07-09T02:38:21.613Z] [runtime-status] [67298] Resolved module firebase-functions {"declared":true,"installed":true,"version":"3.22.0","resolution":"/home/a/Desktop/geo-front-end/functions/node_modules/firebase-functions/lib/index.js"} {"metadata":{"emulator":{"name":"functions"},"function":{"name":"us-central1-getLatLon"},"extension":{},"message":"[runtime-status] [67298] Resolved module firebase-functions {\"declared\":true,\"installed\":true,\"version\":\"3.22.0\",\"resolution\":\"/home/a/Desktop/geo-front-end/functions/node_modules/firebase-functions/lib/index.js\"}"}}
[debug] [2022-07-09T02:38:21.613Z] [runtime-status] [67298] Outgoing network have been stubbed. [{"name":"http","status":"mocked"},{"name":"http","status":"mocked"},{"name":"https","status":"mocked"},{"name":"https","status":"mocked"},{"name":"net","status":"mocked"}] {"metadata":{"emulator":{"name":"functions"},"function":{"name":"us-central1-getLatLon"},"extension":{},"message":"[runtime-status] [67298] Outgoing network have been stubbed. [{\"name\":\"http\",\"status\":\"mocked\"},{\"name\":\"http\",\"status\":\"mocked\"},{\"name\":\"https\",\"status\":\"mocked\"},{\"name\":\"https\",\"status\":\"mocked\"},{\"name\":\"net\",\"status\":\"mocked\"}]"}}
[debug] [2022-07-09T02:38:21.614Z] [runtime-status] [67298] Resolved module firebase-functions {"declared":true,"installed":true,"version":"3.22.0","resolution":"/home/a/Desktop/geo-front-end/functions/node_modules/firebase-functions/lib/index.js"} {"metadata":{"emulator":{"name":"functions"},"function":{"name":"us-central1-getLatLon"},"extension":{},"message":"[runtime-status] [67298] Resolved module firebase-functions {\"declared\":true,\"installed\":true,\"version\":\"3.22.0\",\"resolution\":\"/home/a/Desktop/geo-front-end/functions/node_modules/firebase-functions/lib/index.js\"}"}}
[debug] [2022-07-09T02:38:21.646Z] [runtime-status] [67298] Checked functions.config() {"config":{}} {"metadata":{"emulator":{"name":"functions"},"function":{"name":"us-central1-getLatLon"},"extension":{},"message":"[runtime-status] [67298] Checked functions.config() {\"config\":{}}"}}
[debug] [2022-07-09T02:38:21.646Z] [runtime-status] [67298] firebase-functions has been stubbed. {"functionsResolution":{"declared":true,"installed":true,"version":"3.22.0","resolution":"/home/a/Desktop/geo-front-end/functions/node_modules/firebase-functions/lib/index.js"}} {"metadata":{"emulator":{"name":"functions"},"function":{"name":"us-central1-getLatLon"},"extension":{},"message":"[runtime-status] [67298] firebase-functions has been stubbed. {\"functionsResolution\":{\"declared\":true,\"installed\":true,\"version\":\"3.22.0\",\"resolution\":\"/home/a/Desktop/geo-front-end/functions/node_modules/firebase-functions/lib/index.js\"}}"}}
[debug] [2022-07-09T02:38:21.647Z] [runtime-status] [67298] Resolved module firebase-functions {"declared":true,"installed":true,"version":"3.22.0","resolution":"/home/a/Desktop/geo-front-end/functions/node_modules/firebase-functions/lib/index.js"} {"metadata":{"emulator":{"name":"functions"},"function":{"name":"us-central1-getLatLon"},"extension":{},"message":"[runtime-status] [67298] Resolved module firebase-functions {\"declared\":true,\"installed\":true,\"version\":\"3.22.0\",\"resolution\":\"/home/a/Desktop/geo-front-end/functions/node_modules/firebase-functions/lib/index.js\"}"}}
[debug] [2022-07-09T02:38:21.648Z] [runtime-status] [67298] Resolved module firebase-admin {"declared":true,"installed":true,"version":"10.3.0","resolution":"/home/a/Desktop/geo-front-end/functions/node_modules/firebase-admin/lib/index.js"} {"metadata":{"emulator":{"name":"functions"},"function":{"name":"us-central1-getLatLon"},"extension":{},"message":"[runtime-status] [67298] Resolved module firebase-admin {\"declared\":true,\"installed\":true,\"version\":\"10.3.0\",\"resolution\":\"/home/a/Desktop/geo-front-end/functions/node_modules/firebase-admin/lib/index.js\"}"}}
[debug] [2022-07-09T02:38:21.649Z] [runtime-status] [67298] Resolved module firebase-functions {"declared":true,"installed":true,"version":"3.22.0","resolution":"/home/a/Desktop/geo-front-end/functions/node_modules/firebase-functions/lib/index.js"} {"metadata":{"emulator":{"name":"functions"},"function":{"name":"us-central1-getLatLon"},"extension":{},"message":"[runtime-status] [67298] Resolved module firebase-functions {\"declared\":true,\"installed\":true,\"version\":\"3.22.0\",\"resolution\":\"/home/a/Desktop/geo-front-end/functions/node_modules/firebase-functions/lib/index.js\"}"}}
[debug] [2022-07-09T02:38:21.650Z] [runtime-status] [67298] firebase-admin has been stubbed. {"adminResolution":{"declared":true,"installed":true,"version":"10.3.0","resolution":"/home/a/Desktop/geo-front-end/functions/node_modules/firebase-admin/lib/index.js"}} {"metadata":{"emulator":{"name":"functions"},"function":{"name":"us-central1-getLatLon"},"extension":{},"message":"[runtime-status] [67298] firebase-admin has been stubbed. {\"adminResolution\":{\"declared\":true,\"installed\":true,\"version\":\"10.3.0\",\"resolution\":\"/home/a/Desktop/geo-front-end/functions/node_modules/firebase-admin/lib/index.js\"}}"}}
[debug] [2022-07-09T02:38:21.661Z] [runtime-status] [67298] initializeApp(DEFAULT) {"storageBucket":"geotools-bc75a.appspot.com","databaseURL":"https://geotools-bc75a-default-rtdb.firebaseio.com","projectId":"geotools-bc75a"} {"metadata":{"emulator":{"name":"functions"},"function":{"name":"us-central1-getLatLon"},"extension":{},"message":"[runtime-status] [67298] initializeApp(DEFAULT) {\"storageBucket\":\"geotools-bc75a.appspot.com\",\"databaseURL\":\"https://geotools-bc75a-default-rtdb.firebaseio.com\",\"projectId\":\"geotools-bc75a\"}"}}
[debug] [2022-07-09T02:38:21.672Z] [runtime-status] [67298] Beginning invocation function getLatLon! {"metadata":{"emulator":{"name":"functions"},"function":{"name":"us-central1-getLatLon"},"extension":{},"message":"[runtime-status] [67298] Beginning invocation function getLatLon!"}}
[info] i  functions: Beginning execution of "getLatLon" {"metadata":{"emulator":{"name":"functions"},"function":{"name":"us-central1-getLatLon"},"extension":{},"message":"Beginning execution of \"getLatLon\""}}
[debug] [2022-07-09T02:38:21.673Z] [runtime-status] [67298] Running getLatLon in signature http {"metadata":{"emulator":{"name":"functions"},"function":{"name":"us-central1-getLatLon"},"extension":{},"message":"[runtime-status] [67298] Running getLatLon in signature http"}}
[debug] [2022-07-09T02:38:21.677Z] [runtime-status] [67298] Attempting to listen to socketPath: /tmp/fire_emu_67298.sock {"metadata":{"emulator":{"name":"functions"},"function":{"name":"us-central1-getLatLon"},"extension":{},"message":"[runtime-status] [67298] Attempting to listen to socketPath: /tmp/fire_emu_67298.sock"}}
[debug] [2022-07-09T02:38:21.679Z] [functions] Runtime ready! Sending request! {"metadata":{"emulator":{"name":"functions"},"message":"[functions] Runtime ready! Sending request!"}}
[debug] [2022-07-09T02:38:21.679Z] [functions] Got req.url=/geotools-bc75a/us-central1/getLatLon, mapping to path=/ {"metadata":{"emulator":{"name":"functions"},"message":"[functions] Got req.url=/geotools-bc75a/us-central1/getLatLon, mapping to path=/"}}
[debug] [2022-07-09T02:38:21.695Z] [runtime-status] [67298] Ephemeral server handling POST request {"metadata":{"emulator":{"name":"functions"},"function":{"name":"us-central1-getLatLon"},"extension":{},"message":"[runtime-status] [67298] Ephemeral server handling POST request"}}
[info] >  {"verifications":{"app":"MISSING","auth":"MISSING"},"logging.googleapis.com/labels":{"firebase-log-type":"callable-request-verification"},"severity":"INFO","message":"Callable request verification passed"} {"user":{"verifications":{"app":"MISSING","auth":"MISSING"},"logging.googleapis.com/labels":{"firebase-log-type":"callable-request-verification"},"severity":"INFO","message":"Callable request verification passed"},"metadata":{"emulator":{"name":"functions"},"function":{"name":"us-central1-getLatLon"},"extension":{},"message":"\u001b[90m> \u001b[39m {\"verifications\":{\"app\":\"MISSING\",\"auth\":\"MISSING\"},\"logging.googleapis.com/labels\":{\"firebase-log-type\":\"callable-request-verification\"},\"severity\":\"INFO\",\"message\":\"Callable request verification passed\"}"}}
[debug] [2022-07-09T02:38:21.698Z] [runtime-status] [67298] No callable functions auth found {"metadata":{"emulator":{"name":"functions"},"function":{"name":"us-central1-getLatLon"},"extension":{},"message":"[runtime-status] [67298] No callable functions auth found"}}
[warn] ⚠  External network resource requested!
   - URL: "https://api.mapbox.com/geocoding/v5/mapbox.places/lagrange%2C%20ga.json?access_token=pk.eyJ1IjoibG9nYW41MjAxIiwiYSI6ImNrcTQybTFoZzE0aDQyeXM1aGNmYnR1MnoifQ.4kRWNfEH_Yao_mmdgrgjPA"
 - Be careful, this may be a production service. {"metadata":{"emulator":{"name":"functions"},"function":{"name":"us-central1-getLatLon"},"extension":{},"message":"External network resource requested!\n   - URL: \"https://api.mapbox.com/geocoding/v5/mapbox.places/lagrange%2C%20ga.json?access_token=pk.eyJ1IjoibG9nYW41MjAxIiwiYSI6ImNrcTQybTFoZzE0aDQyeXM1aGNmYnR1MnoifQ.4kRWNfEH_Yao_mmdgrgjPA\"\n - Be careful, this may be a production service."}}
[debug] [2022-07-09T02:38:21.854Z] [runtime-status] [67298] Ephemeral server survived. {"metadata":{"emulator":{"name":"functions"},"function":{"name":"us-central1-getLatLon"},"extension":{},"message":"[runtime-status] [67298] Ephemeral server survived."}}
[info] i  functions: Finished "getLatLon" in ~1s {"metadata":{"emulator":{"name":"functions"},"function":{"name":"us-central1-getLatLon"},"extension":{},"message":"Finished \"getLatLon\" in ~1s"}}
[debug] [2022-07-09T02:38:21.860Z] [worker-us-central1-getLatLon-a2da90be-d9f1-4a4b-bb4d-8fff860e5639]: IDLE {"metadata":{"emulator":{"name":"functions"},"message":"[worker-us-central1-getLatLon-a2da90be-d9f1-4a4b-bb4d-8fff860e5639]: IDLE"}}
[debug] [2022-07-09T02:38:21.860Z] [work-queue] {"queueLength":0,"workRunningCount":0}
[debug] [2022-07-09T02:39:34.098Z] [work-queue] {"queueLength":1,"workRunningCount":0}
[debug] [2022-07-09T02:39:34.107Z] [work-queue] {"queueLength":0,"workRunningCount":1}
[debug] [2022-07-09T02:39:34.108Z] Accepted request OPTIONS /geotools-bc75a/us-central1/getLatLon --> us-central1-getLatLon
[debug] [2022-07-09T02:39:34.108Z] [worker-pool] submitWork(triggerId=us-central1-getLatLon) {"metadata":{"emulator":{"name":"functions"},"message":"[worker-pool] submitWork(triggerId=us-central1-getLatLon)"}}
[debug] [2022-07-09T02:39:34.108Z] [worker-us-central1-getLatLon-dc39fd9f-107c-4af8-aa77-0526c0056afd]: Assigning socketPath: /tmp/fire_emu_67290.sock {"metadata":{"emulator":{"name":"functions"},"message":"[worker-us-central1-getLatLon-dc39fd9f-107c-4af8-aa77-0526c0056afd]: Assigning socketPath: /tmp/fire_emu_67290.sock"}}
[debug] [2022-07-09T02:39:34.109Z] [worker-us-central1-getLatLon-dc39fd9f-107c-4af8-aa77-0526c0056afd]: BUSY {"metadata":{"emulator":{"name":"functions"},"message":"[worker-us-central1-getLatLon-dc39fd9f-107c-4af8-aa77-0526c0056afd]: BUSY"}}
[debug] [2022-07-09T02:39:34.110Z] [runtime-status] [67290] Beginning invocation function getLatLon! {"metadata":{"emulator":{"name":"functions"},"function":{"name":"us-central1-getLatLon"},"extension":{},"message":"[runtime-status] [67290] Beginning invocation function getLatLon!"}}
[info] i  functions: Beginning execution of "getLatLon" {"metadata":{"emulator":{"name":"functions"},"function":{"name":"us-central1-getLatLon"},"extension":{},"message":"Beginning execution of \"getLatLon\""}}
[debug] [2022-07-09T02:39:34.111Z] [runtime-status] [67290] Running getLatLon in signature http {"metadata":{"emulator":{"name":"functions"},"function":{"name":"us-central1-getLatLon"},"extension":{},"message":"[runtime-status] [67290] Running getLatLon in signature http"}}
[debug] [2022-07-09T02:39:34.112Z] [runtime-status] [67290] Attempting to listen to socketPath: /tmp/fire_emu_67290.sock {"metadata":{"emulator":{"name":"functions"},"function":{"name":"us-central1-getLatLon"},"extension":{},"message":"[runtime-status] [67290] Attempting to listen to socketPath: /tmp/fire_emu_67290.sock"}}
[debug] [2022-07-09T02:39:34.113Z] [functions] Runtime ready! Sending request! {"metadata":{"emulator":{"name":"functions"},"message":"[functions] Runtime ready! Sending request!"}}
[debug] [2022-07-09T02:39:34.113Z] [functions] Got req.url=/geotools-bc75a/us-central1/getLatLon, mapping to path=/ {"metadata":{"emulator":{"name":"functions"},"message":"[functions] Got req.url=/geotools-bc75a/us-central1/getLatLon, mapping to path=/"}}
[debug] [2022-07-09T02:39:34.118Z] [runtime-status] [67290] Ephemeral server handling OPTIONS request {"metadata":{"emulator":{"name":"functions"},"function":{"name":"us-central1-getLatLon"},"extension":{},"message":"[runtime-status] [67290] Ephemeral server handling OPTIONS request"}}
[debug] [2022-07-09T02:39:34.118Z] [runtime-status] [67290] Ephemeral server survived. {"metadata":{"emulator":{"name":"functions"},"function":{"name":"us-central1-getLatLon"},"extension":{},"message":"[runtime-status] [67290] Ephemeral server survived."}}
[debug] [2022-07-09T02:39:34.125Z] [work-queue] {"queueLength":1,"workRunningCount":1}
[debug] [2022-07-09T02:39:34.126Z] [work-queue] {"queueLength":0,"workRunningCount":2}
[debug] [2022-07-09T02:39:34.126Z] Accepted request POST /geotools-bc75a/us-central1/getLatLon --> us-central1-getLatLon
[debug] [2022-07-09T02:39:34.126Z] [worker-pool] submitWork(triggerId=us-central1-getLatLon) {"metadata":{"emulator":{"name":"functions"},"message":"[worker-pool] submitWork(triggerId=us-central1-getLatLon)"}}
[debug] [2022-07-09T02:39:34.127Z] [worker-us-central1-getLatLon-a2da90be-d9f1-4a4b-bb4d-8fff860e5639]: Assigning socketPath: /tmp/fire_emu_67298.sock {"metadata":{"emulator":{"name":"functions"},"message":"[worker-us-central1-getLatLon-a2da90be-d9f1-4a4b-bb4d-8fff860e5639]: Assigning socketPath: /tmp/fire_emu_67298.sock"}}
[debug] [2022-07-09T02:39:34.127Z] [worker-us-central1-getLatLon-a2da90be-d9f1-4a4b-bb4d-8fff860e5639]: BUSY {"metadata":{"emulator":{"name":"functions"},"message":"[worker-us-central1-getLatLon-a2da90be-d9f1-4a4b-bb4d-8fff860e5639]: BUSY"}}
[debug] [2022-07-09T02:39:34.128Z] [runtime-status] [67298] Beginning invocation function getLatLon! {"metadata":{"emulator":{"name":"functions"},"function":{"name":"us-central1-getLatLon"},"extension":{},"message":"[runtime-status] [67298] Beginning invocation function getLatLon!"}}
[info] i  functions: Beginning execution of "getLatLon" {"metadata":{"emulator":{"name":"functions"},"function":{"name":"us-central1-getLatLon"},"extension":{},"message":"Beginning execution of \"getLatLon\""}}
[debug] [2022-07-09T02:39:34.129Z] [runtime-status] [67298] Running getLatLon in signature http {"metadata":{"emulator":{"name":"functions"},"function":{"name":"us-central1-getLatLon"},"extension":{},"message":"[runtime-status] [67298] Running getLatLon in signature http"}}
[debug] [2022-07-09T02:39:34.133Z] [runtime-status] [67298] Attempting to listen to socketPath: /tmp/fire_emu_67298.sock {"metadata":{"emulator":{"name":"functions"},"function":{"name":"us-central1-getLatLon"},"extension":{},"message":"[runtime-status] [67298] Attempting to listen to socketPath: /tmp/fire_emu_67298.sock"}}
[debug] [2022-07-09T02:39:34.133Z] [functions] Runtime ready! Sending request! {"metadata":{"emulator":{"name":"functions"},"message":"[functions] Runtime ready! Sending request!"}}
[debug] [2022-07-09T02:39:34.134Z] [functions] Got req.url=/geotools-bc75a/us-central1/getLatLon, mapping to path=/ {"metadata":{"emulator":{"name":"functions"},"message":"[functions] Got req.url=/geotools-bc75a/us-central1/getLatLon, mapping to path=/"}}
[info] i  functions: Finished "getLatLon" in ~1s {"metadata":{"emulator":{"name":"functions"},"function":{"name":"us-central1-getLatLon"},"extension":{},"message":"Finished \"getLatLon\" in ~1s"}}
[debug] [2022-07-09T02:39:34.135Z] [worker-us-central1-getLatLon-dc39fd9f-107c-4af8-aa77-0526c0056afd]: IDLE {"metadata":{"emulator":{"name":"functions"},"message":"[worker-us-central1-getLatLon-dc39fd9f-107c-4af8-aa77-0526c0056afd]: IDLE"}}
[debug] [2022-07-09T02:39:34.135Z] [work-queue] {"queueLength":0,"workRunningCount":1}
[debug] [2022-07-09T02:39:34.137Z] [runtime-status] [67298] Ephemeral server handling POST request {"metadata":{"emulator":{"name":"functions"},"function":{"name":"us-central1-getLatLon"},"extension":{},"message":"[runtime-status] [67298] Ephemeral server handling POST request"}}
[info] >  {"verifications":{"app":"MISSING","auth":"MISSING"},"logging.googleapis.com/labels":{"firebase-log-type":"callable-request-verification"},"severity":"INFO","message":"Callable request verification passed"} {"user":{"verifications":{"app":"MISSING","auth":"MISSING"},"logging.googleapis.com/labels":{"firebase-log-type":"callable-request-verification"},"severity":"INFO","message":"Callable request verification passed"},"metadata":{"emulator":{"name":"functions"},"function":{"name":"us-central1-getLatLon"},"extension":{},"message":"\u001b[90m> \u001b[39m {\"verifications\":{\"app\":\"MISSING\",\"auth\":\"MISSING\"},\"logging.googleapis.com/labels\":{\"firebase-log-type\":\"callable-request-verification\"},\"severity\":\"INFO\",\"message\":\"Callable request verification passed\"}"}}
[debug] [2022-07-09T02:39:34.139Z] [runtime-status] [67298] No callable functions auth found {"metadata":{"emulator":{"name":"functions"},"function":{"name":"us-central1-getLatLon"},"extension":{},"message":"[runtime-status] [67298] No callable functions auth found"}}
[debug] [2022-07-09T02:39:34.206Z] [runtime-status] [67298] Ephemeral server survived. {"metadata":{"emulator":{"name":"functions"},"function":{"name":"us-central1-getLatLon"},"extension":{},"message":"[runtime-status] [67298] Ephemeral server survived."}}
[info] i  functions: Finished "getLatLon" in ~1s {"metadata":{"emulator":{"name":"functions"},"function":{"name":"us-central1-getLatLon"},"extension":{},"message":"Finished \"getLatLon\" in ~1s"}}
[debug] [2022-07-09T02:39:34.208Z] [worker-us-central1-getLatLon-a2da90be-d9f1-4a4b-bb4d-8fff860e5639]: IDLE {"metadata":{"emulator":{"name":"functions"},"message":"[worker-us-central1-getLatLon-a2da90be-d9f1-4a4b-bb4d-8fff860e5639]: IDLE"}}
[debug] [2022-07-09T02:39:34.209Z] [work-queue] {"queueLength":0,"workRunningCount":0}
